<?xml version="1.0" encoding="UTF-8"?>
<testsuite xmlns:xsi="http://www.w3.org/2001/XMLSchema-instance" xsi:noNamespaceSchemaLocation="https://maven.apache.org/surefire/maven-surefire-plugin/xsd/surefire-test-report.xsd" version="3.0.2" name="com.dbtraining.reconx.model.EquityTradeTest" time="0.067" tests="3" errors="0" skipped="0" failures="0">
  <properties>
[...]
</properties>
  <testcase name="equality_byTradeRef" classname="com.dbtraining.reconx.model.EquityTradeTest" time="0.051"/>
  <testcase name="builder_buildsWhenAllRequiredPresent" classname="com.dbtraining.reconx.model.EquityTradeTest" time="0.005"/>
  <testcase name="builder_missingPrice_throws" classname="com.dbtraining.reconx.model.EquityTradeTest" time="0.002"/>
</testsuite>