<?xml version="1.0" encoding="UTF-8"?>
<testsuite xmlns:xsi="http://www.w3.org/2001/XMLSchema-instance" xsi:noNamespaceSchemaLocation="https://maven.apache.org/surefire/maven-surefire-plugin/xsd/surefire-test-report.xsd" version="3.0.2" name="com.dbtraining.reconx.dto.TradeEventTest" time="0.625" tests="2" errors="0" skipped="0" failures="0">
  <properties>
[...]
</properties>
  <testcase name="roundTripsUpdatedEventWithBeforeAndAfterSnapshots" classname="com.dbtraining.reconx.dto.TradeEventTest" time="0.352"/>
  <testcase name="createdEventHasNullBefore" classname="com.dbtraining.reconx.dto.TradeEventTest" time="0.015"/>
</testsuite>